I, [#2710]  INFO -- : 2021/12/04, プログラミング学習, Dockerの学習, 0
I, [#1502]  INFO -- : 2021/12/18, プログラミング学習, dockerの学習, 0
I, [#1560]  INFO -- : 2021/12/18, プログラミング学習, dockerの学習, 0
I, [#1613]  INFO -- : 2021/12/18, プログラミング学習, dockerの学習, 0
I, [#1659]  INFO -- : 2021/12/18, プログラミング学習, dockerの学習, 0
I, [#1704]  INFO -- : 2021/12/18, プログラミング学習, dockerの学習, 0
I, [#1849]  INFO -- : 2021/12/18, プログラミング学習, dockerの学習, 0
I, [#1112]  INFO -- : 2021/12/19, , , 0
I, [#1144]  INFO -- : 2021/12/19, , , 0
I, [#1176]  INFO -- : 2021/12/19, , , 0
I, [#1225]  INFO -- : 2021/12/19, , , 0
I, [#1261]  INFO -- : 2021/12/19, , , 0
I, [#1294]  INFO -- : 2021/12/19, , , 0
I, [#1315]  INFO -- : 2021/12/19, , , 0
I, [#1379]  INFO -- : 2021/12/19, , , 0
I, [#1417]  INFO -- : 2021/12/19, , , 0
I, [#1450]  INFO -- : 2021/12/19, , , 0
I, [#1486]  INFO -- : 2021/12/19, , , 0
I, [#1519]  INFO -- : 2021/12/19, , , 0
I, [#1552]  INFO -- : 2021/12/19, , , 0
I, [#2989]  INFO -- : 2021/12/25, プログラミング学習, docker, 0
I, [#2113]  INFO -- : 2021/12/31, , , 0
I, [#2270]  INFO -- : 2021/12/31, , , 0
I, [#2319]  INFO -- : 2021/12/31, , , 0
I, [#2369]  INFO -- : 2021/12/31, , , 0
I, [#2413]  INFO -- : 2021/12/31, , , 0
I, [#2450]  INFO -- : 2021/12/31, , , 0
I, [#2494]  INFO -- : 2021/12/31, , , 0
I, [#2522]  INFO -- : 2021/12/31, , , 0
I, [#2578]  INFO -- : 2021/12/31, , , 0
I, [#2622]  INFO -- : 2021/12/31, , , 0
I, [#2672]  INFO -- : 2021/12/31, , , 0
I, [#2725]  INFO -- : 2021/12/31, , , 0
I, [#2758]  INFO -- : 2021/12/31, , , 0
I, [#2797]  INFO -- : 2021/12/31, , , 0
I, [#2829]  INFO -- : 2021/12/31, , , 0
I, [#2865]  INFO -- : 2021/12/31, , , 0
I, [#2918]  INFO -- : 2021/12/31, , , 0
I, [#2980]  INFO -- : 2021/12/31, , , 0
I, [#3035]  INFO -- : 2021/12/31, , , 0
I, [#3088]  INFO -- : 2021/12/31, , , 0
I, [#3122]  INFO -- : 2021/12/31, , , 0
I, [#3180]  INFO -- : 2021/12/31, , , 0
I, [#3208]  INFO -- : 2021/12/31, , , 0
I, [#818]  INFO -- : 2021/12/31, , , 0
I, [#862]  INFO -- : 2021/12/31, , , 0
I, [#896]  INFO -- : 2021/12/31, , , 0
I, [#1488]  INFO -- : 2021/12/31, , , 0
I, [#1531]  INFO -- : 2021/12/31, , , 0
I, [#1679]  INFO -- : 2021/12/31, , , 0
I, [#1814]  INFO -- : 2021/12/31, , , 0
I, [#1920]  INFO -- : 2021/12/31, , , 0
I, [#1961]  INFO -- : 2021/12/31, , , 0
I, [#2031]  INFO -- : 2021/12/31, , , 0
I, [#2190]  INFO -- : 2021/12/31, , , 0
I, [#2229]  INFO -- : 2021/12/31, , , 0
I, [#2298]  INFO -- : 2021/12/31, , , 0
I, [#2335]  INFO -- : 2021/12/31, , , 0
I, [#2370]  INFO -- : 2021/12/31, , , 0
I, [#2416]  INFO -- : 2021/12/31, , , 0
I, [#2487]  INFO -- : 2021/12/31, , , 0
I, [#2528]  INFO -- : 2021/12/31, , , 0
I, [#2598]  INFO -- : 2021/12/31, , , 0
I, [#2633]  INFO -- : 2021/12/31, , , 0
I, [#2666]  INFO -- : 2021/12/31, , , 0
I, [#2695]  INFO -- : 2021/12/31, プログラミング学習, docker, 0
I, [#2785]  INFO -- : 2021/12/31, , , 0
I, [#2819]  INFO -- : 2021/12/31, , , 0
I, [#2851]  INFO -- : 2021/12/31, , , 0
I, [#2894]  INFO -- : 2021/12/31, , , 0
I, [#794]  INFO -- : 2022/01/01,
             ,
             ,
             0
I, [#828]  INFO -- : 2022/01/01,
             ,
             ,
             0
I, [#867]  INFO -- : 2022/01/01,
             ,
             ,
             0
I, [#906]  INFO -- : 2022/01/01, , , 0
I, [#936]  INFO -- : 2022/01/01, , , 0
I, [#960]  INFO -- : 2022/01/01, , , 0
I, [#973]  INFO -- : 2022/01/01, , , 0
I, [#1065]  INFO -- : 2022/01/01, , , 0
I, [#1100]  INFO -- : 2022/01/01, , , 0
I, [#1176]  INFO -- : , , , 0
I, [#1213]  INFO -- : , , , 0
I, [#1246]  INFO -- : 2022/01/01, , , 0
